<?xml version="1.0" encoding="UTF-8"?>
<!-- Generated by org.testng.reporters.JUnitXMLReporter -->
<testsuite hostname="Mejin56-PC" ignored="0" name="Ecom Swag Labs" tests="3" failures="0" timestamp="06 Dec 2021 12:31:31 GMT" time="20.856" errors="0">
  <testcase name="validateThankyouPageTitle" time="0.239" classname="com.ecom.qa.testcases.ThankyouPageTest"/>
  <testcase name="BacktohomeButtonValidation" time="0.347" classname="com.ecom.qa.testcases.ThankyouPageTest"/>
  <testcase name="Thankyoupagetext" time="0.035" classname="com.ecom.qa.testcases.ThankyouPageTest"/>
</testsuite> <!-- Ecom Swag Labs -->
