<?xml version="1.0" encoding="UTF-8"?>
<testng-results skipped="0" failed="0" ignored="0" total="3" passed="3">
  <reporter-output>
  </reporter-output>
  <suite name="Ecom test flow" duration-ms="20856" started-at="2021-12-06T12:31:10Z" finished-at="2021-12-06T12:31:31Z">
    <groups>
    </groups>
    <test name="Ecom Swag Labs" duration-ms="20856" started-at="2021-12-06T12:31:10Z" finished-at="2021-12-06T12:31:31Z">
      <class name="com.ecom.qa.testcases.ThankyouPageTest">
        <test-method status="PASS" signature="setUp()[pri:0, instance:com.ecom.qa.testcases.ThankyouPageTest@2ac273d3]" name="setUp" is-config="true" duration-ms="6954" started-at="2021-12-06T12:31:10Z" finished-at="2021-12-06T12:31:17Z">
          <reporter-output>
          </reporter-output>
        </test-method> <!-- setUp -->
        <test-method status="PASS" signature="validateThankyouPageTitle()[pri:1, instance:com.ecom.qa.testcases.ThankyouPageTest@2ac273d3]" name="validateThankyouPageTitle" duration-ms="239" started-at="2021-12-06T12:31:17Z" finished-at="2021-12-06T12:31:17Z">
          <reporter-output>
          </reporter-output>
        </test-method> <!-- validateThankyouPageTitle -->
        <test-method status="PASS" signature="tearDown()[pri:0, instance:com.ecom.qa.testcases.ThankyouPageTest@2ac273d3]" name="tearDown" is-config="true" duration-ms="716" started-at="2021-12-06T12:31:17Z" finished-at="2021-12-06T12:31:18Z">
          <reporter-output>
          </reporter-output>
        </test-method> <!-- tearDown -->
        <test-method status="PASS" signature="setUp()[pri:0, instance:com.ecom.qa.testcases.ThankyouPageTest@2ac273d3]" name="setUp" is-config="true" duration-ms="5623" started-at="2021-12-06T12:31:18Z" finished-at="2021-12-06T12:31:23Z">
          <reporter-output>
          </reporter-output>
        </test-method> <!-- setUp -->
        <test-method status="PASS" signature="BacktohomeButtonValidation()[pri:2, instance:com.ecom.qa.testcases.ThankyouPageTest@2ac273d3]" name="BacktohomeButtonValidation" duration-ms="347" started-at="2021-12-06T12:31:23Z" finished-at="2021-12-06T12:31:24Z">
          <reporter-output>
          </reporter-output>
        </test-method> <!-- BacktohomeButtonValidation -->
        <test-method status="PASS" signature="tearDown()[pri:0, instance:com.ecom.qa.testcases.ThankyouPageTest@2ac273d3]" name="tearDown" is-config="true" duration-ms="732" started-at="2021-12-06T12:31:24Z" finished-at="2021-12-06T12:31:25Z">
          <reporter-output>
          </reporter-output>
        </test-method> <!-- tearDown -->
        <test-method status="PASS" signature="setUp()[pri:0, instance:com.ecom.qa.testcases.ThankyouPageTest@2ac273d3]" name="setUp" is-config="true" duration-ms="5236" started-at="2021-12-06T12:31:25Z" finished-at="2021-12-06T12:31:30Z">
          <reporter-output>
          </reporter-output>
        </test-method> <!-- setUp -->
        <test-method status="PASS" signature="Thankyoupagetext()[pri:3, instance:com.ecom.qa.testcases.ThankyouPageTest@2ac273d3]" name="Thankyoupagetext" duration-ms="35" started-at="2021-12-06T12:31:30Z" finished-at="2021-12-06T12:31:30Z">
          <reporter-output>
          </reporter-output>
        </test-method> <!-- Thankyoupagetext -->
        <test-method status="PASS" signature="tearDown()[pri:0, instance:com.ecom.qa.testcases.ThankyouPageTest@2ac273d3]" name="tearDown" is-config="true" duration-ms="931" started-at="2021-12-06T12:31:30Z" finished-at="2021-12-06T12:31:31Z">
          <reporter-output>
          </reporter-output>
        </test-method> <!-- tearDown -->
      </class> <!-- com.ecom.qa.testcases.ThankyouPageTest -->
    </test> <!-- Ecom Swag Labs -->
  </suite> <!-- Ecom test flow -->
</testng-results>
